This is pdfTeX, Version 3.1415926-2.3-1.40.12 (MiKTeX 2.9 64-bit) (preloaded format=pdflatex 2012.6.13)  21 JUN 2012 12:11
entering extended mode
**berichtv1.tex
(C:\Users\Merlin\Documents\GitHub\namiwindsemesterbla\berichtv1.tex
LaTeX2e <2011/06/27>
Babel <v3.8m> and hyphenation patterns for english, afrikaans, ancientgreek, ar
abic, armenian, assamese, basque, bengali, bokmal, bulgarian, catalan, coptic, 
croatian, czech, danish, dutch, esperanto, estonian, farsi, finnish, french, ga
lician, german, german-x-2009-06-19, greek, gujarati, hindi, hungarian, iceland
ic, indonesian, interlingua, irish, italian, kannada, kurmanji, lao, latin, lat
vian, lithuanian, malayalam, marathi, mongolian, mongolianlmc, monogreek, ngerm
an, ngerman-x-2009-06-19, nynorsk, oriya, panjabi, pinyin, polish, portuguese, 
romanian, russian, sanskrit, serbian, slovak, slovenian, spanish, swedish, swis
sgerman, tamil, telugu, turkish, turkmen, ukenglish, ukrainian, uppersorbian, u
senglishmax, welsh, loaded.
("C:\Program Files\MiKTeX 2.9\tex\latex\base\article.cls"
Document Class: article 2007/10/19 v1.4h Standard LaTeX document class
("C:\Program Files\MiKTeX 2.9\tex\latex\base\size11.clo"
File: size11.clo 2007/10/19 v1.4h Standard LaTeX file (size option)
)
\c@part=\count79
\c@section=\count80
\c@subsection=\count81
\c@subsubsection=\count82
\c@paragraph=\count83
\c@subparagraph=\count84
\c@figure=\count85
\c@table=\count86
\abovecaptionskip=\skip41
\belowcaptionskip=\skip42
\bibindent=\dimen102
)
("C:\Program Files\MiKTeX 2.9\tex\generic\babel\babel.sty"
Package: babel 2008/07/08 v3.8m The Babel package

*************************************
* Local config file bblopts.cfg used
*
("C:\Program Files\MiKTeX 2.9\tex\latex\00miktex\bblopts.cfg"
File: bblopts.cfg 2006/07/31 v1.0 MiKTeX 'babel' configuration
)
("C:\Program Files\MiKTeX 2.9\tex\generic\babel\ngermanb.ldf"
Language: ngermanb 2008/07/06 v2.6n new German support from the babel system

("C:\Program Files\MiKTeX 2.9\tex\generic\babel\babel.def"
File: babel.def 2008/07/08 v3.8m Babel common definitions
\babel@savecnt=\count87
\U@D=\dimen103
)
\l@naustrian = a dialect from \language\l@ngerman 
Package babel Info: Making " an active character on input line 92.
))
("C:\Program Files\MiKTeX 2.9\tex\latex\base\fontenc.sty"
Package: fontenc 2005/09/27 v1.99g Standard LaTeX package

("C:\Program Files\MiKTeX 2.9\tex\latex\base\t1enc.def"
File: t1enc.def 2005/09/27 v1.99g Standard LaTeX file
LaTeX Font Info:    Redeclaring font encoding T1 on input line 43.
))
("C:\Program Files\MiKTeX 2.9\tex\latex\base\inputenc.sty"
Package: inputenc 2008/03/30 v1.1d Input encoding file
\inpenc@prehook=\toks14
\inpenc@posthook=\toks15

("C:\Program Files\MiKTeX 2.9\tex\latex\base\utf8.def"
File: utf8.def 2008/04/05 v1.1m UTF-8 support for inputenc
Now handling font encoding OML ...
... no UTF-8 mapping file for font encoding OML
Now handling font encoding T1 ...
... processing UTF-8 mapping file for font encoding T1

("C:\Program Files\MiKTeX 2.9\tex\latex\base\t1enc.dfu"
File: t1enc.dfu 2008/04/05 v1.1m UTF-8 support for inputenc
   defining Unicode char U+00A1 (decimal 161)
   defining Unicode char U+00A3 (decimal 163)
   defining Unicode char U+00AB (decimal 171)
   defining Unicode char U+00BB (decimal 187)
   defining Unicode char U+00BF (decimal 191)
   defining Unicode char U+00C0 (decimal 192)
   defining Unicode char U+00C1 (decimal 193)
   defining Unicode char U+00C2 (decimal 194)
   defining Unicode char U+00C3 (decimal 195)
   defining Unicode char U+00C4 (decimal 196)
   defining Unicode char U+00C5 (decimal 197)
   defining Unicode char U+00C6 (decimal 198)
   defining Unicode char U+00C7 (decimal 199)
   defining Unicode char U+00C8 (decimal 200)
   defining Unicode char U+00C9 (decimal 201)
   defining Unicode char U+00CA (decimal 202)
   defining Unicode char U+00CB (decimal 203)
   defining Unicode char U+00CC (decimal 204)
   defining Unicode char U+00CD (decimal 205)
   defining Unicode char U+00CE (decimal 206)
   defining Unicode char U+00CF (decimal 207)
   defining Unicode char U+00D0 (decimal 208)
   defining Unicode char U+00D1 (decimal 209)
   defining Unicode char U+00D2 (decimal 210)
   defining Unicode char U+00D3 (decimal 211)
   defining Unicode char U+00D4 (decimal 212)
   defining Unicode char U+00D5 (decimal 213)
   defining Unicode char U+00D6 (decimal 214)
   defining Unicode char U+00D8 (decimal 216)
   defining Unicode char U+00D9 (decimal 217)
   defining Unicode char U+00DA (decimal 218)
   defining Unicode char U+00DB (decimal 219)
   defining Unicode char U+00DC (decimal 220)
   defining Unicode char U+00DD (decimal 221)
   defining Unicode char U+00DE (decimal 222)
   defining Unicode char U+00DF (decimal 223)
   defining Unicode char U+00E0 (decimal 224)
   defining Unicode char U+00E1 (decimal 225)
   defining Unicode char U+00E2 (decimal 226)
   defining Unicode char U+00E3 (decimal 227)
   defining Unicode char U+00E4 (decimal 228)
   defining Unicode char U+00E5 (decimal 229)
   defining Unicode char U+00E6 (decimal 230)
   defining Unicode char U+00E7 (decimal 231)
   defining Unicode char U+00E8 (decimal 232)
   defining Unicode char U+00E9 (decimal 233)
   defining Unicode char U+00EA (decimal 234)
   defining Unicode char U+00EB (decimal 235)
   defining Unicode char U+00EC (decimal 236)
   defining Unicode char U+00ED (decimal 237)
   defining Unicode char U+00EE (decimal 238)
   defining Unicode char U+00EF (decimal 239)
   defining Unicode char U+00F0 (decimal 240)
   defining Unicode char U+00F1 (decimal 241)
   defining Unicode char U+00F2 (decimal 242)
   defining Unicode char U+00F3 (decimal 243)
   defining Unicode char U+00F4 (decimal 244)
   defining Unicode char U+00F5 (decimal 245)
   defining Unicode char U+00F6 (decimal 246)
   defining Unicode char U+00F8 (decimal 248)
   defining Unicode char U+00F9 (decimal 249)
   defining Unicode char U+00FA (decimal 250)
   defining Unicode char U+00FB (decimal 251)
   defining Unicode char U+00FC (decimal 252)
   defining Unicode char U+00FD (decimal 253)
   defining Unicode char U+00FE (decimal 254)
   defining Unicode char U+00FF (decimal 255)
   defining Unicode char U+0102 (decimal 258)
   defining Unicode char U+0103 (decimal 259)
   defining Unicode char U+0104 (decimal 260)
   defining Unicode char U+0105 (decimal 261)
   defining Unicode char U+0106 (decimal 262)
   defining Unicode char U+0107 (decimal 263)
   defining Unicode char U+010C (decimal 268)
   defining Unicode char U+010D (decimal 269)
   defining Unicode char U+010E (decimal 270)
   defining Unicode char U+010F (decimal 271)
   defining Unicode char U+0110 (decimal 272)
   defining Unicode char U+0111 (decimal 273)
   defining Unicode char U+0118 (decimal 280)
   defining Unicode char U+0119 (decimal 281)
   defining Unicode char U+011A (decimal 282)
   defining Unicode char U+011B (decimal 283)
   defining Unicode char U+011E (decimal 286)
   defining Unicode char U+011F (decimal 287)
   defining Unicode char U+0130 (decimal 304)
   defining Unicode char U+0131 (decimal 305)
   defining Unicode char U+0132 (decimal 306)
   defining Unicode char U+0133 (decimal 307)
   defining Unicode char U+0139 (decimal 313)
   defining Unicode char U+013A (decimal 314)
   defining Unicode char U+013D (decimal 317)
   defining Unicode char U+013E (decimal 318)
   defining Unicode char U+0141 (decimal 321)
   defining Unicode char U+0142 (decimal 322)
   defining Unicode char U+0143 (decimal 323)
   defining Unicode char U+0144 (decimal 324)
   defining Unicode char U+0147 (decimal 327)
   defining Unicode char U+0148 (decimal 328)
   defining Unicode char U+014A (decimal 330)
   defining Unicode char U+014B (decimal 331)
   defining Unicode char U+0150 (decimal 336)
   defining Unicode char U+0151 (decimal 337)
   defining Unicode char U+0152 (decimal 338)
   defining Unicode char U+0153 (decimal 339)
   defining Unicode char U+0154 (decimal 340)
   defining Unicode char U+0155 (decimal 341)
   defining Unicode char U+0158 (decimal 344)
   defining Unicode char U+0159 (decimal 345)
   defining Unicode char U+015A (decimal 346)
   defining Unicode char U+015B (decimal 347)
   defining Unicode char U+015E (decimal 350)
   defining Unicode char U+015F (decimal 351)
   defining Unicode char U+0160 (decimal 352)
   defining Unicode char U+0161 (decimal 353)
   defining Unicode char U+0162 (decimal 354)
   defining Unicode char U+0163 (decimal 355)
   defining Unicode char U+0164 (decimal 356)
   defining Unicode char U+0165 (decimal 357)
   defining Unicode char U+016E (decimal 366)
   defining Unicode char U+016F (decimal 367)
   defining Unicode char U+0170 (decimal 368)
   defining Unicode char U+0171 (decimal 369)
   defining Unicode char U+0178 (decimal 376)
   defining Unicode char U+0179 (decimal 377)
   defining Unicode char U+017A (decimal 378)
   defining Unicode char U+017B (decimal 379)
   defining Unicode char U+017C (decimal 380)
   defining Unicode char U+017D (decimal 381)
   defining Unicode char U+017E (decimal 382)
   defining Unicode char U+200C (decimal 8204)
   defining Unicode char U+2013 (decimal 8211)
   defining Unicode char U+2014 (decimal 8212)
   defining Unicode char U+2018 (decimal 8216)
   defining Unicode char U+2019 (decimal 8217)
   defining Unicode char U+201A (decimal 8218)
   defining Unicode char U+201C (decimal 8220)
   defining Unicode char U+201D (decimal 8221)
   defining Unicode char U+201E (decimal 8222)
   defining Unicode char U+2030 (decimal 8240)
   defining Unicode char U+2031 (decimal 8241)
   defining Unicode char U+2039 (decimal 8249)
   defining Unicode char U+203A (decimal 8250)
   defining Unicode char U+2423 (decimal 9251)
)
Now handling font encoding OT1 ...
... processing UTF-8 mapping file for font encoding OT1

("C:\Program Files\MiKTeX 2.9\tex\latex\base\ot1enc.dfu"
File: ot1enc.dfu 2008/04/05 v1.1m UTF-8 support for inputenc
   defining Unicode char U+00A1 (decimal 161)
   defining Unicode char U+00A3 (decimal 163)
   defining Unicode char U+00B8 (decimal 184)
   defining Unicode char U+00BF (decimal 191)
   defining Unicode char U+00C5 (decimal 197)
   defining Unicode char U+00C6 (decimal 198)
   defining Unicode char U+00D8 (decimal 216)
   defining Unicode char U+00DF (decimal 223)
   defining Unicode char U+00E6 (decimal 230)
   defining Unicode char U+00EC (decimal 236)
   defining Unicode char U+00ED (decimal 237)
   defining Unicode char U+00EE (decimal 238)
   defining Unicode char U+00EF (decimal 239)
   defining Unicode char U+00F8 (decimal 248)
   defining Unicode char U+0131 (decimal 305)
   defining Unicode char U+0141 (decimal 321)
   defining Unicode char U+0142 (decimal 322)
   defining Unicode char U+0152 (decimal 338)
   defining Unicode char U+0153 (decimal 339)
   defining Unicode char U+2013 (decimal 8211)
   defining Unicode char U+2014 (decimal 8212)
   defining Unicode char U+2018 (decimal 8216)
   defining Unicode char U+2019 (decimal 8217)
   defining Unicode char U+201C (decimal 8220)
   defining Unicode char U+201D (decimal 8221)
)
Now handling font encoding OMS ...
... processing UTF-8 mapping file for font encoding OMS

("C:\Program Files\MiKTeX 2.9\tex\latex\base\omsenc.dfu"
File: omsenc.dfu 2008/04/05 v1.1m UTF-8 support for inputenc
   defining Unicode char U+00A7 (decimal 167)
   defining Unicode char U+00B6 (decimal 182)
   defining Unicode char U+00B7 (decimal 183)
   defining Unicode char U+2020 (decimal 8224)
   defining Unicode char U+2021 (decimal 8225)
   defining Unicode char U+2022 (decimal 8226)
)
Now handling font encoding OMX ...
... no UTF-8 mapping file for font encoding OMX
Now handling font encoding U ...
... no UTF-8 mapping file for font encoding U
   defining Unicode char U+00A9 (decimal 169)
   defining Unicode char U+00AA (decimal 170)
   defining Unicode char U+00AE (decimal 174)
   defining Unicode char U+00BA (decimal 186)
   defining Unicode char U+02C6 (decimal 710)
   defining Unicode char U+02DC (decimal 732)
   defining Unicode char U+200C (decimal 8204)
   defining Unicode char U+2026 (decimal 8230)
   defining Unicode char U+2122 (decimal 8482)
   defining Unicode char U+2423 (decimal 9251)
))
("C:\Program Files\MiKTeX 2.9\tex\latex\graphics\graphicx.sty"
Package: graphicx 1999/02/16 v1.0f Enhanced LaTeX Graphics (DPC,SPQR)

("C:\Program Files\MiKTeX 2.9\tex\latex\graphics\keyval.sty"
Package: keyval 1999/03/16 v1.13 key=value parser (DPC)
\KV@toks@=\toks16
)
("C:\Program Files\MiKTeX 2.9\tex\latex\graphics\graphics.sty"
Package: graphics 2009/02/05 v1.0o Standard LaTeX Graphics (DPC,SPQR)

("C:\Program Files\MiKTeX 2.9\tex\latex\graphics\trig.sty"
Package: trig 1999/03/16 v1.09 sin cos tan (DPC)
)
("C:\Program Files\MiKTeX 2.9\tex\latex\00miktex\graphics.cfg"
File: graphics.cfg 2007/01/18 v1.5 graphics configuration of teTeX/TeXLive
)
Package graphics Info: Driver file: pdftex.def on input line 91.

("C:\Program Files\MiKTeX 2.9\tex\latex\pdftex-def\pdftex.def"
File: pdftex.def 2011/05/27 v0.06d Graphics/color for pdfTeX

("C:\Program Files\MiKTeX 2.9\tex\generic\oberdiek\infwarerr.sty"
Package: infwarerr 2010/04/08 v1.3 Providing info/warning/error messages (HO)
)
("C:\Program Files\MiKTeX 2.9\tex\generic\oberdiek\ltxcmds.sty"
Package: ltxcmds 2011/11/09 v1.22 LaTeX kernel commands for general use (HO)
)
\Gread@gobject=\count88
))
\Gin@req@height=\dimen104
\Gin@req@width=\dimen105
)
("C:\Program Files\MiKTeX 2.9\tex\latex\pdfpages\pdfpages.sty"
Package: pdfpages 2012/04/03 v0.4s Insert pages of external PDF documents (AM)

("C:\Program Files\MiKTeX 2.9\tex\latex\base\ifthen.sty"
Package: ifthen 2001/05/26 v1.1c Standard LaTeX ifthen package (DPC)
)
("C:\Program Files\MiKTeX 2.9\tex\latex\tools\calc.sty"
Package: calc 2007/08/22 v4.3 Infix arithmetic (KKT,FJ)
\calc@Acount=\count89
\calc@Bcount=\count90
\calc@Adimen=\dimen106
\calc@Bdimen=\dimen107
\calc@Askip=\skip43
\calc@Bskip=\skip44
LaTeX Info: Redefining \setlength on input line 76.
LaTeX Info: Redefining \addtolength on input line 77.
\calc@Ccount=\count91
\calc@Cskip=\skip45
)
("C:\Program Files\MiKTeX 2.9\tex\latex\eso-pic\eso-pic.sty"
Package: eso-pic 2010/10/06 v2.0c eso-pic (RN)

("C:\Program Files\MiKTeX 2.9\tex\generic\oberdiek\atbegshi.sty"
Package: atbegshi 2011/10/05 v1.16 At begin shipout hook (HO)

("C:\Program Files\MiKTeX 2.9\tex\generic\oberdiek\ifpdf.sty"
Package: ifpdf 2011/01/30 v2.3 Provides the ifpdf switch (HO)
Package ifpdf Info: pdfTeX in PDF mode is detected.
))
("C:\Program Files\MiKTeX 2.9\tex\latex\xcolor\xcolor.sty"
Package: xcolor 2007/01/21 v2.11 LaTeX color extensions (UK)

("C:\Program Files\MiKTeX 2.9\tex\latex\00miktex\color.cfg"
File: color.cfg 2007/01/18 v1.5 color configuration of teTeX/TeXLive
)
Package xcolor Info: Driver file: pdftex.def on input line 225.
Package xcolor Info: Model `cmy' substituted by `cmy0' on input line 1337.
Package xcolor Info: Model `hsb' substituted by `rgb' on input line 1341.
Package xcolor Info: Model `RGB' extended on input line 1353.
Package xcolor Info: Model `HTML' substituted by `rgb' on input line 1355.
Package xcolor Info: Model `Hsb' substituted by `hsb' on input line 1356.
Package xcolor Info: Model `tHsb' substituted by `hsb' on input line 1357.
Package xcolor Info: Model `HSB' substituted by `hsb' on input line 1358.
Package xcolor Info: Model `Gray' substituted by `gray' on input line 1359.
Package xcolor Info: Model `wave' substituted by `hsb' on input line 1360.
))
("C:\Program Files\MiKTeX 2.9\tex\latex\pdfpages\pppdftex.def"
File: pppdftex.def 2012/04/03 v0.4s Pdfpages driver for pdfTeX (AM)
)
\AM@pagebox=\box26
\AM@toc@title=\toks17
\c@AM@survey=\count92
\AM@templatesizebox=\box27
)
("C:\Program Files\MiKTeX 2.9\tex\latex\geometry\geometry.sty"
Package: geometry 2010/09/12 v5.6 Page Geometry

("C:\Program Files\MiKTeX 2.9\tex\generic\oberdiek\ifvtex.sty"
Package: ifvtex 2010/03/01 v1.5 Detect VTeX and its facilities (HO)
Package ifvtex Info: VTeX not detected.
)
("C:\Program Files\MiKTeX 2.9\tex\generic\ifxetex\ifxetex.sty"
Package: ifxetex 2010/09/12 v0.6 Provides ifxetex conditional
)
\Gm@cnth=\count93
\Gm@cntv=\count94
\c@Gm@tempcnt=\count95
\Gm@bindingoffset=\dimen108
\Gm@wd@mp=\dimen109
\Gm@odd@mp=\dimen110
\Gm@even@mp=\dimen111
\Gm@layoutwidth=\dimen112
\Gm@layoutheight=\dimen113
\Gm@layouthoffset=\dimen114
\Gm@layoutvoffset=\dimen115
\Gm@dimlist=\toks18

("C:\Program Files\MiKTeX 2.9\tex\latex\geometry\geometry.cfg"))
("C:\Program Files\MiKTeX 2.9\tex\latex\blindtext\blindtext.sty"
Package: blindtext 2012/01/06 V2.0 blindtext-Package

("C:\Program Files\MiKTeX 2.9\tex\latex\tools\xspace.sty"
Package: xspace 2009/10/20 v1.13 Space after command names (DPC,MH)
)
\c@blindtext=\count96
\c@Blindtext=\count97
\c@blind@countparstart=\count98
\blind@countxx=\count99
\blindtext@numBlindtext=\count100
\blind@countyy=\count101
\c@blindlist=\count102
\c@blindlistlevel=\count103
\c@blindlist@level=\count104
\blind@listitem=\count105
\c@blind@listcount=\count106
\c@blind@levelcount=\count107
\blind@mathformula=\count108
\blind@Mathformula=\count109
\c@blind@randomcount=\count110
\c@blind@randommax=\count111
\c@blind@pangramcount=\count112
\c@blind@pangrammax=\count113
)
("C:\Program Files\MiKTeX 2.9\tex\latex\float\float.sty"
Package: float 2001/11/08 v1.3d Float enhancements (AL)
\c@float@type=\count114
\float@exts=\toks19
\float@box=\box28
\@float@everytoks=\toks20
\@floatcapt=\box29
)
("C:\Program Files\MiKTeX 2.9\tex\latex\ams\math\amsmath.sty"
Package: amsmath 2000/07/18 v2.13 AMS math features
\@mathmargin=\skip46

For additional information on amsmath, use the `?' option.
("C:\Program Files\MiKTeX 2.9\tex\latex\ams\math\amstext.sty"
Package: amstext 2000/06/29 v2.01

("C:\Program Files\MiKTeX 2.9\tex\latex\ams\math\amsgen.sty"
File: amsgen.sty 1999/11/30 v2.0
\@emptytoks=\toks21
\ex@=\dimen116
))
("C:\Program Files\MiKTeX 2.9\tex\latex\ams\math\amsbsy.sty"
Package: amsbsy 1999/11/29 v1.2d
\pmbraise@=\dimen117
)
("C:\Program Files\MiKTeX 2.9\tex\latex\ams\math\amsopn.sty"
Package: amsopn 1999/12/14 v2.01 operator names
)
\inf@bad=\count115
LaTeX Info: Redefining \frac on input line 211.
\uproot@=\count116
\leftroot@=\count117
LaTeX Info: Redefining \overline on input line 307.
\classnum@=\count118
\DOTSCASE@=\count119
LaTeX Info: Redefining \ldots on input line 379.
LaTeX Info: Redefining \dots on input line 382.
LaTeX Info: Redefining \cdots on input line 467.
\Mathstrutbox@=\box30
\strutbox@=\box31
\big@size=\dimen118
LaTeX Font Info:    Redeclaring font encoding OML on input line 567.
LaTeX Font Info:    Redeclaring font encoding OMS on input line 568.
\macc@depth=\count120
\c@MaxMatrixCols=\count121
\dotsspace@=\muskip10
\c@parentequation=\count122
\dspbrk@lvl=\count123
\tag@help=\toks22
\row@=\count124
\column@=\count125
\maxfields@=\count126
\andhelp@=\toks23
\eqnshift@=\dimen119
\alignsep@=\dimen120
\tagshift@=\dimen121
\tagwidth@=\dimen122
\totwidth@=\dimen123
\lineht@=\dimen124
\@envbody=\toks24
\multlinegap=\skip47
\multlinetaggap=\skip48
\mathdisplay@stack=\toks25
LaTeX Info: Redefining \[ on input line 2666.
LaTeX Info: Redefining \] on input line 2667.
)
("C:\Program Files\MiKTeX 2.9\tex\latex\ams\classes\amsthm.sty"
Package: amsthm 2004/08/06 v2.20
\thm@style=\toks26
\thm@bodyfont=\toks27
\thm@headfont=\toks28
\thm@notefont=\toks29
\thm@headpunct=\toks30
\thm@preskip=\skip49
\thm@postskip=\skip50
\thm@headsep=\skip51
\dth@everypar=\toks31
)
("C:\Program Files\MiKTeX 2.9\tex\latex\amsfonts\amssymb.sty"
Package: amssymb 2009/06/22 v3.00

("C:\Program Files\MiKTeX 2.9\tex\latex\amsfonts\amsfonts.sty"
Package: amsfonts 2009/06/22 v3.00 Basic AMSFonts support
\symAMSa=\mathgroup4
\symAMSb=\mathgroup5
LaTeX Font Info:    Overwriting math alphabet `\mathfrak' in version `bold'
(Font)                  U/euf/m/n --> U/euf/b/n on input line 96.
))
("C:\Program Files\MiKTeX 2.9\tex\latex\csquotes\csquotes.sty"
Package: csquotes 2011/10/22 v5.1d context-sensitive quotations

("C:\Program Files\MiKTeX 2.9\tex\latex\etoolbox\etoolbox.sty"
Package: etoolbox 2011/01/03 v2.1 e-TeX tools for LaTeX

("C:\Program Files\MiKTeX 2.9\tex\latex\misc\etex.sty"
Package: etex 1998/03/26 v2.0 eTeX basic definition package (PEB)
\et@xins=\count127
)
\etb@tempcnta=\count128
)
\csq@reset=\count129
\csq@gtype=\count130
\csq@glevel=\count131
\csq@qlevel=\count132
\csq@maxlvl=\count133
\csq@tshold=\count134
\csq@ltx@everypar=\toks32

("C:\Program Files\MiKTeX 2.9\tex\latex\csquotes\csquotes.def"
File: csquotes.def 2011/10/22 v5.1d csquotes generic definitions
)
Package csquotes Info: Trying to load configuration file 'csquotes.cfg'...
Package csquotes Info: ... configuration file loaded successfully.

("C:\Program Files\MiKTeX 2.9\tex\latex\csquotes\csquotes.cfg"
File: csquotes.cfg 
)
Package csquotes Info: Option 'babel' depreciated.
(csquotes)             Using 'autostyle'.
Package csquotes Info: Enabling multilingual quotes.
Package csquotes Info: Redefining alias 'german' -> 'german/quotes'.
)
("C:\Program Files\MiKTeX 2.9\tex\latex\fancyhdr\fancyhdr.sty"
\fancy@headwidth=\skip52
\f@ncyO@elh=\skip53
\f@ncyO@erh=\skip54
\f@ncyO@olh=\skip55
\f@ncyO@orh=\skip56
\f@ncyO@elf=\skip57
\f@ncyO@erf=\skip58
\f@ncyO@olf=\skip59
\f@ncyO@orf=\skip60
)
Package csquotes Info: Checking for multilingual support...
Package csquotes Info: ... found 'babel' package.

(C:\Users\Merlin\Documents\GitHub\namiwindsemesterbla\berichtv1.aux)
LaTeX Font Info:    Checking defaults for OML/cmm/m/it on input line 34.
LaTeX Font Info:    ... okay on input line 34.
LaTeX Font Info:    Checking defaults for T1/cmr/m/n on input line 34.
LaTeX Font Info:    ... okay on input line 34.
LaTeX Font Info:    Checking defaults for OT1/cmr/m/n on input line 34.
LaTeX Font Info:    ... okay on input line 34.
LaTeX Font Info:    Checking defaults for OMS/cmsy/m/n on input line 34.
LaTeX Font Info:    ... okay on input line 34.
LaTeX Font Info:    Checking defaults for OMX/cmex/m/n on input line 34.
LaTeX Font Info:    ... okay on input line 34.
LaTeX Font Info:    Checking defaults for U/cmr/m/n on input line 34.
LaTeX Font Info:    ... okay on input line 34.

("C:\Program Files\MiKTeX 2.9\tex\context\base\supp-pdf.mkii"
[Loading MPS to PDF converter (version 2006.09.02).]
\scratchcounter=\count135
\scratchdimen=\dimen125
\scratchbox=\box32
\nofMPsegments=\count136
\nofMParguments=\count137
\everyMPshowfont=\toks33
\MPscratchCnt=\count138
\MPscratchDim=\dimen126
\MPnumerator=\count139
\makeMPintoPDFobject=\count140
\everyMPtoPDFconversion=\toks34
)
\AtBeginShipoutBox=\box33

*geometry* driver: auto-detecting
*geometry* detected driver: pdftex
*geometry* verbose mode - [ preamble ] result:
* driver: pdftex
* paper: a4paper
* layout: <same size as paper>
* layoutoffset:(h,v)=(0.0pt,0.0pt)
* modes: includehead includefoot 
* h-part:(L,W,R)=(85.35826pt, 455.24411pt, 56.9055pt)
* v-part:(T,H,B)=(28.45274pt, 759.6886pt, 56.9055pt)
* \paperwidth=597.50787pt
* \paperheight=845.04684pt
* \textwidth=455.24411pt
* \textheight=692.6886pt
* \oddsidemargin=13.08827pt
* \evensidemargin=13.08827pt
* \topmargin=-43.81725pt
* \headheight=12.0pt
* \headsep=25.0pt
* \topskip=11.0pt
* \footskip=30.0pt
* \marginparwidth=59.0pt
* \marginparsep=10.0pt
* \columnsep=10.0pt
* \skip\footins=10.0pt plus 4.0pt minus 2.0pt
* \hoffset=0.0pt
* \voffset=0.0pt
* \mag=1000
* \@twocolumnfalse
* \@twosidefalse
* \@mparswitchfalse
* \@reversemarginfalse
* (1in=72.27pt=25.4mm, 1cm=28.453pt)

LaTeX Font Info:    Try loading font information for U+msa on input line 45.
("C:\Program Files\MiKTeX 2.9\tex\latex\amsfonts\umsa.fd"
File: umsa.fd 2009/06/22 v3.00 AMS symbols A
)
LaTeX Font Info:    Try loading font information for U+msb on input line 45.

("C:\Program Files\MiKTeX 2.9\tex\latex\amsfonts\umsb.fd"
File: umsb.fd 2009/06/22 v3.00 AMS symbols B
) [1

{C:/ProgramData/MiKTeX/2.9/pdftex/config/pdftex.map}]
(C:\Users\Merlin\Documents\GitHub\namiwindsemesterbla\berichtv1.toc)
\tf@toc=\write3


Package Fancyhdr Warning: \headheight is too small (12.0pt): 
 Make it at least 13.59999pt.
 We now make it that large for the rest of the document.
 This may cause the page layout to be inconsistent, however.

[2]
Underfull \hbox (badness 10000) in paragraph at lines 55--56

 []


Underfull \hbox (badness 10000) in paragraph at lines 57--58

 []


Package Fancyhdr Warning: \headheight is too small (12.0pt): 
 Make it at least 13.59999pt.
 We now make it that large for the rest of the document.
 This may cause the page layout to be inconsistent, however.

[3]
LaTeX Font Info:    Try loading font information for OMS+cmr on input line 74.
 ("C:\Program Files\MiKTeX 2.9\tex\latex\base\omscmr.fd"
File: omscmr.fd 1999/05/25 v2.5h Standard LaTeX font definitions
)
LaTeX Font Info:    Font shape `OMS/cmr/m/n' in size <10.95> not available
(Font)              Font shape `OMS/cmsy/m/n' tried instead on input line 74.


Package Fancyhdr Warning: \headheight is too small (12.0pt): 
 Make it at least 13.59999pt.
 We now make it that large for the rest of the document.
 This may cause the page layout to be inconsistent, however.

[4]
Underfull \hbox (badness 10000) in paragraph at lines 93--98

 []


Underfull \hbox (badness 10000) in paragraph at lines 109--110

 []


Underfull \hbox (badness 10000) in paragraph at lines 124--127

 []


Package Fancyhdr Warning: \headheight is too small (12.0pt): 
 Make it at least 13.59999pt.
 We now make it that large for the rest of the document.
 This may cause the page layout to be inconsistent, however.

[5]
Underfull \hbox (badness 10000) in paragraph at lines 148--178

 []


Underfull \hbox (badness 10000) in paragraph at lines 148--178

 []


Underfull \hbox (badness 10000) in paragraph at lines 148--178

 []


Underfull \hbox (badness 10000) in paragraph at lines 148--178

 []


Underfull \hbox (badness 10000) in paragraph at lines 148--178

 []


Underfull \hbox (badness 10000) in paragraph at lines 148--178

 []


Underfull \hbox (badness 10000) in paragraph at lines 148--178

 []


Package Fancyhdr Warning: \headheight is too small (12.0pt): 
 Make it at least 13.59999pt.
 We now make it that large for the rest of the document.
 This may cause the page layout to be inconsistent, however.

[6]
<merkblatt_befristete_studienerlaubnis.pdf, id=31, page=1, 614.295pt x 794.97pt
>
File: merkblatt_befristete_studienerlaubnis.pdf Graphic file (type pdf)
 <use merkblatt_befristete_studienerlaubnis.pdf, page 1>
Package pdftex.def Info: merkblatt_befristete_studienerlaubnis.pdf, page1 used 
on input line 189.
(pdftex.def)             Requested size: 552.86038pt x 715.4664pt.
File: merkblatt_befristete_studienerlaubnis.pdf Graphic file (type pdf)

<use merkblatt_befristete_studienerlaubnis.pdf, page 1>
Package pdftex.def Info: merkblatt_befristete_studienerlaubnis.pdf, page1 used 
on input line 189.
(pdftex.def)             Requested size: 552.86038pt x 715.4664pt.
File: merkblatt_befristete_studienerlaubnis.pdf Graphic file (type pdf)

<use merkblatt_befristete_studienerlaubnis.pdf, page 1>
Package pdftex.def Info: merkblatt_befristete_studienerlaubnis.pdf, page1 used 
on input line 189.
(pdftex.def)             Requested size: 552.86038pt x 715.4664pt.


Package Fancyhdr Warning: \headheight is too small (12.0pt): 
 Make it at least 13.59999pt.
 We now make it that large for the rest of the document.
 This may cause the page layout to be inconsistent, however.

File: merkblatt_befristete_studienerlaubnis.pdf Graphic file (type pdf)
<use merkblatt_befristete_studienerlaubnis.pdf, page 1>
Package pdftex.def Info: merkblatt_befristete_studienerlaubnis.pdf, page1 used 
on input line 189.
(pdftex.def)             Requested size: 552.86038pt x 715.4664pt.
 [7 <C:/Users/Merlin/Documents/GitHub/namiwindsemesterbla/merkblatt_befristete_
studienerlaubnis.pdf>]
<Arbeitserlaubnis/deed_of_surety.pdf, id=65, page=1, 597.23125pt x 845.1575pt>
File: Arbeitserlaubnis/deed_of_surety.pdf Graphic file (type pdf)

<use Arbeitserlaubnis/deed_of_surety.pdf, page 1>
Package pdftex.def Info: Arbeitserlaubnis/deed_of_surety.pdf, page1 used on inp
ut line 191.
(pdftex.def)             Requested size: 537.50316pt x 760.63474pt.
File: Arbeitserlaubnis/deed_of_surety.pdf Graphic file (type pdf)

<use Arbeitserlaubnis/deed_of_surety.pdf, page 1>
Package pdftex.def Info: Arbeitserlaubnis/deed_of_surety.pdf, page1 used on inp
ut line 191.
(pdftex.def)             Requested size: 537.50316pt x 760.63474pt.
File: Arbeitserlaubnis/deed_of_surety.pdf Graphic file (type pdf)

<use Arbeitserlaubnis/deed_of_surety.pdf, page 1>
Package pdftex.def Info: Arbeitserlaubnis/deed_of_surety.pdf, page1 used on inp
ut line 191.
(pdftex.def)             Requested size: 537.50316pt x 760.63474pt.


Package Fancyhdr Warning: \headheight is too small (12.0pt): 
 Make it at least 13.59999pt.
 We now make it that large for the rest of the document.
 This may cause the page layout to be inconsistent, however.

File: Arbeitserlaubnis/deed_of_surety.pdf Graphic file (type pdf)
<use Arbeitserlaubnis/deed_of_surety.pdf, page 1>
Package pdftex.def Info: Arbeitserlaubnis/deed_of_surety.pdf, page1 used on inp
ut line 191.
(pdftex.def)             Requested size: 537.50316pt x 760.63474pt.
 [8 <C:/Users/Merlin/Documents/GitHub/namiwindsemesterbla/Arbeitserlaubnis/deed
_of_surety.pdf>]
<Arbeitserlaubnis/prospective_employer_1.pdf, id=103, page=1, 614.295pt x 794.9
7pt>
File: Arbeitserlaubnis/prospective_employer_1.pdf Graphic file (type pdf)
 <use Arbeitserlaubnis/prospective_employer_1.pdf, page 1>
Package pdftex.def Info: Arbeitserlaubnis/prospective_employer_1.pdf, page1 use
d on input line 193.
(pdftex.def)             Requested size: 552.86038pt x 715.4664pt.
File: Arbeitserlaubnis/prospective_employer_1.pdf Graphic file (type pdf)

<use Arbeitserlaubnis/prospective_employer_1.pdf, page 1>
Package pdftex.def Info: Arbeitserlaubnis/prospective_employer_1.pdf, page1 use
d on input line 193.
(pdftex.def)             Requested size: 552.86038pt x 715.4664pt.
File: Arbeitserlaubnis/prospective_employer_1.pdf Graphic file (type pdf)

<use Arbeitserlaubnis/prospective_employer_1.pdf, page 1>
Package pdftex.def Info: Arbeitserlaubnis/prospective_employer_1.pdf, page1 use
d on input line 193.
(pdftex.def)             Requested size: 552.86038pt x 715.4664pt.


Package Fancyhdr Warning: \headheight is too small (12.0pt): 
 Make it at least 13.59999pt.
 We now make it that large for the rest of the document.
 This may cause the page layout to be inconsistent, however.

File: Arbeitserlaubnis/prospective_employer_1.pdf Graphic file (type pdf)
<use Arbeitserlaubnis/prospective_employer_1.pdf, page 1>
Package pdftex.def Info: Arbeitserlaubnis/prospective_employer_1.pdf, page1 use
d on input line 193.
(pdftex.def)             Requested size: 552.86038pt x 715.4664pt.
 [9 <C:/Users/Merlin/Documents/GitHub/namiwindsemesterbla/Arbeitserlaubnis/pros
pective_employer_1.pdf>]
<Arbeitserlaubnis/prospective_employer_1.pdf, id=111, page=2, 614.295pt x 794.9
7pt>
File: Arbeitserlaubnis/prospective_employer_1.pdf Graphic file (type pdf)
 <use Arbeitserlaubnis/prospective_employer_1.pdf, page 2>
Package pdftex.def Info: Arbeitserlaubnis/prospective_employer_1.pdf, page2 use
d on input line 193.
(pdftex.def)             Requested size: 552.86038pt x 715.4664pt.
File: Arbeitserlaubnis/prospective_employer_1.pdf Graphic file (type pdf)

<use Arbeitserlaubnis/prospective_employer_1.pdf, page 2>
Package pdftex.def Info: Arbeitserlaubnis/prospective_employer_1.pdf, page2 use
d on input line 193.
(pdftex.def)             Requested size: 552.86038pt x 715.4664pt.


Package Fancyhdr Warning: \headheight is too small (12.0pt): 
 Make it at least 13.59999pt.
 We now make it that large for the rest of the document.
 This may cause the page layout to be inconsistent, however.

File: Arbeitserlaubnis/prospective_employer_1.pdf Graphic file (type pdf)
<use Arbeitserlaubnis/prospective_employer_1.pdf, page 2>
Package pdftex.def Info: Arbeitserlaubnis/prospective_employer_1.pdf, page2 use
d on input line 193.
(pdftex.def)             Requested size: 552.86038pt x 715.4664pt.
 [10 <C:/Users/Merlin/Documents/GitHub/namiwindsemesterbla/Arbeitserlaubnis/pro
spective_employer_1.pdf>] <Visum/Antrag_medical.pdf, id=120, page=1, 597.23125p
t x 845.1575pt>
File: Visum/Antrag_medical.pdf Graphic file (type pdf)

<use Visum/Antrag_medical.pdf, page 1>
Package pdftex.def Info: Visum/Antrag_medical.pdf, page1 used on input line 195
.
(pdftex.def)             Requested size: 537.50316pt x 760.63474pt.
File: Visum/Antrag_medical.pdf Graphic file (type pdf)
 <use Visum/Antrag_medical.pdf, page 1>
Package pdftex.def Info: Visum/Antrag_medical.pdf, page1 used on input line 195
.
(pdftex.def)             Requested size: 537.50316pt x 760.63474pt.
File: Visum/Antrag_medical.pdf Graphic file (type pdf)

<use Visum/Antrag_medical.pdf, page 1>
Package pdftex.def Info: Visum/Antrag_medical.pdf, page1 used on input line 195
.
(pdftex.def)             Requested size: 537.50316pt x 760.63474pt.


Package Fancyhdr Warning: \headheight is too small (12.0pt): 
 Make it at least 13.59999pt.
 We now make it that large for the rest of the document.
 This may cause the page layout to be inconsistent, however.

File: Visum/Antrag_medical.pdf Graphic file (type pdf)
<use Visum/Antrag_medical.pdf, page 1>
Package pdftex.def Info: Visum/Antrag_medical.pdf, page1 used on input line 195
.
(pdftex.def)             Requested size: 537.50316pt x 760.63474pt.
 [11 <C:/Users/Merlin/Documents/GitHub/namiwindsemesterbla/Visum/Antrag_medical
.pdf>]
<Visum/Antrag_radiological.pdf, id=158, page=1, 597.23125pt x 845.1575pt>
File: Visum/Antrag_radiological.pdf Graphic file (type pdf)

<use Visum/Antrag_radiological.pdf, page 1>
Package pdftex.def Info: Visum/Antrag_radiological.pdf, page1 used on input lin
e 197.
(pdftex.def)             Requested size: 537.50316pt x 760.63474pt.
File: Visum/Antrag_radiological.pdf Graphic file (type pdf)

<use Visum/Antrag_radiological.pdf, page 1>
Package pdftex.def Info: Visum/Antrag_radiological.pdf, page1 used on input lin
e 197.
(pdftex.def)             Requested size: 537.50316pt x 760.63474pt.
File: Visum/Antrag_radiological.pdf Graphic file (type pdf)

<use Visum/Antrag_radiological.pdf, page 1>
Package pdftex.def Info: Visum/Antrag_radiological.pdf, page1 used on input lin
e 197.
(pdftex.def)             Requested size: 537.50316pt x 760.63474pt.


Package Fancyhdr Warning: \headheight is too small (12.0pt): 
 Make it at least 13.59999pt.
 We now make it that large for the rest of the document.
 This may cause the page layout to be inconsistent, however.

File: Visum/Antrag_radiological.pdf Graphic file (type pdf)
<use Visum/Antrag_radiological.pdf, page 1>
Package pdftex.def Info: Visum/Antrag_radiological.pdf, page1 used on input lin
e 197.
(pdftex.def)             Requested size: 537.50316pt x 760.63474pt.
 [12 <C:/Users/Merlin/Documents/GitHub/namiwindsemesterbla/Visum/Antrag_radiolo
gical.pdf>]
<Bewerbung_Schule/app_form.pdf, id=196, page=1, 597.23125pt x 844.15375pt>
File: Bewerbung_Schule/app_form.pdf Graphic file (type pdf)

<use Bewerbung_Schule/app_form.pdf, page 1>
Package pdftex.def Info: Bewerbung_Schule/app_form.pdf, page1 used on input lin
e 199.
(pdftex.def)             Requested size: 537.50316pt x 759.73135pt.
File: Bewerbung_Schule/app_form.pdf Graphic file (type pdf)

<use Bewerbung_Schule/app_form.pdf, page 1>
Package pdftex.def Info: Bewerbung_Schule/app_form.pdf, page1 used on input lin
e 199.
(pdftex.def)             Requested size: 537.50316pt x 759.73135pt.
File: Bewerbung_Schule/app_form.pdf Graphic file (type pdf)

<use Bewerbung_Schule/app_form.pdf, page 1>
Package pdftex.def Info: Bewerbung_Schule/app_form.pdf, page1 used on input lin
e 199.
(pdftex.def)             Requested size: 537.50316pt x 759.73135pt.


Package Fancyhdr Warning: \headheight is too small (12.0pt): 
 Make it at least 13.59999pt.
 We now make it that large for the rest of the document.
 This may cause the page layout to be inconsistent, however.

File: Bewerbung_Schule/app_form.pdf Graphic file (type pdf)
<use Bewerbung_Schule/app_form.pdf, page 1>
Package pdftex.def Info: Bewerbung_Schule/app_form.pdf, page1 used on input lin
e 199.
(pdftex.def)             Requested size: 537.50316pt x 759.73135pt.
 [13 <C:/Users/Merlin/Documents/GitHub/namiwindsemesterbla/Bewerbung_Schule/app
_form.pdf>]
<Bewerbung_Schule/app_form.pdf, id=213, page=2, 597.23125pt x 844.15375pt>
File: Bewerbung_Schule/app_form.pdf Graphic file (type pdf)

<use Bewerbung_Schule/app_form.pdf, page 2>
Package pdftex.def Info: Bewerbung_Schule/app_form.pdf, page2 used on input lin
e 199.
(pdftex.def)             Requested size: 537.50316pt x 759.73135pt.
File: Bewerbung_Schule/app_form.pdf Graphic file (type pdf)

<use Bewerbung_Schule/app_form.pdf, page 2>
Package pdftex.def Info: Bewerbung_Schule/app_form.pdf, page2 used on input lin
e 199.
(pdftex.def)             Requested size: 537.50316pt x 759.73135pt.


Package Fancyhdr Warning: \headheight is too small (12.0pt): 
 Make it at least 13.59999pt.
 We now make it that large for the rest of the document.
 This may cause the page layout to be inconsistent, however.

File: Bewerbung_Schule/app_form.pdf Graphic file (type pdf)
<use Bewerbung_Schule/app_form.pdf, page 2>
Package pdftex.def Info: Bewerbung_Schule/app_form.pdf, page2 used on input lin
e 199.
(pdftex.def)             Requested size: 537.50316pt x 759.73135pt.
 [14 <C:/Users/Merlin/Documents/GitHub/namiwindsemesterbla/Bewerbung_Schule/app
_form.pdf>]
<Bewerbung_Schule/app_form.pdf, id=220, page=3, 597.23125pt x 844.15375pt>
File: Bewerbung_Schule/app_form.pdf Graphic file (type pdf)

<use Bewerbung_Schule/app_form.pdf, page 3>
Package pdftex.def Info: Bewerbung_Schule/app_form.pdf, page3 used on input lin
e 199.
(pdftex.def)             Requested size: 537.50316pt x 759.73135pt.
File: Bewerbung_Schule/app_form.pdf Graphic file (type pdf)

<use Bewerbung_Schule/app_form.pdf, page 3>
Package pdftex.def Info: Bewerbung_Schule/app_form.pdf, page3 used on input lin
e 199.
(pdftex.def)             Requested size: 537.50316pt x 759.73135pt.


Package Fancyhdr Warning: \headheight is too small (12.0pt): 
 Make it at least 13.59999pt.
 We now make it that large for the rest of the document.
 This may cause the page layout to be inconsistent, however.

File: Bewerbung_Schule/app_form.pdf Graphic file (type pdf)
<use Bewerbung_Schule/app_form.pdf, page 3>
Package pdftex.def Info: Bewerbung_Schule/app_form.pdf, page3 used on input lin
e 199.
(pdftex.def)             Requested size: 537.50316pt x 759.73135pt.
 [15 <C:/Users/Merlin/Documents/GitHub/namiwindsemesterbla/Bewerbung_Schule/app
_form.pdf>]
<Bewerbung_Schule/app_mature.pdf, id=230, page=1, 597.23125pt x 844.15375pt>
File: Bewerbung_Schule/app_mature.pdf Graphic file (type pdf)

<use Bewerbung_Schule/app_mature.pdf, page 1>
Package pdftex.def Info: Bewerbung_Schule/app_mature.pdf, page1 used on input l
ine 201.
(pdftex.def)             Requested size: 537.50316pt x 759.73135pt.
File: Bewerbung_Schule/app_mature.pdf Graphic file (type pdf)

<use Bewerbung_Schule/app_mature.pdf, page 1>
Package pdftex.def Info: Bewerbung_Schule/app_mature.pdf, page1 used on input l
ine 201.
(pdftex.def)             Requested size: 537.50316pt x 759.73135pt.
File: Bewerbung_Schule/app_mature.pdf Graphic file (type pdf)

<use Bewerbung_Schule/app_mature.pdf, page 1>
Package pdftex.def Info: Bewerbung_Schule/app_mature.pdf, page1 used on input l
ine 201.
(pdftex.def)             Requested size: 537.50316pt x 759.73135pt.


Package Fancyhdr Warning: \headheight is too small (12.0pt): 
 Make it at least 13.59999pt.
 We now make it that large for the rest of the document.
 This may cause the page layout to be inconsistent, however.

File: Bewerbung_Schule/app_mature.pdf Graphic file (type pdf)
<use Bewerbung_Schule/app_mature.pdf, page 1>
Package pdftex.def Info: Bewerbung_Schule/app_mature.pdf, page1 used on input l
ine 201.
(pdftex.def)             Requested size: 537.50316pt x 759.73135pt.
 [16 <C:/Users/Merlin/Documents/GitHub/namiwindsemesterbla/Bewerbung_Schule/app
_mature.pdf>]
<Bewerbung_Schule/app_mature.pdf, id=246, page=2, 597.23125pt x 844.15375pt>
File: Bewerbung_Schule/app_mature.pdf Graphic file (type pdf)

<use Bewerbung_Schule/app_mature.pdf, page 2>
Package pdftex.def Info: Bewerbung_Schule/app_mature.pdf, page2 used on input l
ine 201.
(pdftex.def)             Requested size: 537.50316pt x 759.73135pt.
File: Bewerbung_Schule/app_mature.pdf Graphic file (type pdf)

<use Bewerbung_Schule/app_mature.pdf, page 2>
Package pdftex.def Info: Bewerbung_Schule/app_mature.pdf, page2 used on input l
ine 201.
(pdftex.def)             Requested size: 537.50316pt x 759.73135pt.


Package Fancyhdr Warning: \headheight is too small (12.0pt): 
 Make it at least 13.59999pt.
 We now make it that large for the rest of the document.
 This may cause the page layout to be inconsistent, however.

File: Bewerbung_Schule/app_mature.pdf Graphic file (type pdf)
<use Bewerbung_Schule/app_mature.pdf, page 2>
Package pdftex.def Info: Bewerbung_Schule/app_mature.pdf, page2 used on input l
ine 201.
(pdftex.def)             Requested size: 537.50316pt x 759.73135pt.
 [17 <C:/Users/Merlin/Documents/GitHub/namiwindsemesterbla/Bewerbung_Schule/app
_mature.pdf>]
<Bewerbung_Schule/app_mature.pdf, id=250, page=3, 597.23125pt x 844.15375pt>
File: Bewerbung_Schule/app_mature.pdf Graphic file (type pdf)

<use Bewerbung_Schule/app_mature.pdf, page 3>
Package pdftex.def Info: Bewerbung_Schule/app_mature.pdf, page3 used on input l
ine 201.
(pdftex.def)             Requested size: 537.50316pt x 759.73135pt.
File: Bewerbung_Schule/app_mature.pdf Graphic file (type pdf)

<use Bewerbung_Schule/app_mature.pdf, page 3>
Package pdftex.def Info: Bewerbung_Schule/app_mature.pdf, page3 used on input l
ine 201.
(pdftex.def)             Requested size: 537.50316pt x 759.73135pt.


Package Fancyhdr Warning: \headheight is too small (12.0pt): 
 Make it at least 13.59999pt.
 We now make it that large for the rest of the document.
 This may cause the page layout to be inconsistent, however.

File: Bewerbung_Schule/app_mature.pdf Graphic file (type pdf)
<use Bewerbung_Schule/app_mature.pdf, page 3>
Package pdftex.def Info: Bewerbung_Schule/app_mature.pdf, page3 used on input l
ine 201.
(pdftex.def)             Requested size: 537.50316pt x 759.73135pt.
 [18 <C:/Users/Merlin/Documents/GitHub/namiwindsemesterbla/Bewerbung_Schule/app
_mature.pdf>]
<Bewerbung_Schule/app_mature.pdf, id=260, page=4, 597.23125pt x 844.15375pt>
File: Bewerbung_Schule/app_mature.pdf Graphic file (type pdf)

<use Bewerbung_Schule/app_mature.pdf, page 4>
Package pdftex.def Info: Bewerbung_Schule/app_mature.pdf, page4 used on input l
ine 201.
(pdftex.def)             Requested size: 537.50316pt x 759.73135pt.
File: Bewerbung_Schule/app_mature.pdf Graphic file (type pdf)

<use Bewerbung_Schule/app_mature.pdf, page 4>
Package pdftex.def Info: Bewerbung_Schule/app_mature.pdf, page4 used on input l
ine 201.
(pdftex.def)             Requested size: 537.50316pt x 759.73135pt.


Package Fancyhdr Warning: \headheight is too small (12.0pt): 
 Make it at least 13.59999pt.
 We now make it that large for the rest of the document.
 This may cause the page layout to be inconsistent, however.

File: Bewerbung_Schule/app_mature.pdf Graphic file (type pdf)
<use Bewerbung_Schule/app_mature.pdf, page 4>
Package pdftex.def Info: Bewerbung_Schule/app_mature.pdf, page4 used on input l
ine 201.
(pdftex.def)             Requested size: 537.50316pt x 759.73135pt.
 [19 <C:/Users/Merlin/Documents/GitHub/namiwindsemesterbla/Bewerbung_Schule/app
_mature.pdf>]
<Flug_Air_Berlin/Bildschirmfoto_am_2012-06-13_14_47_20.png, id=266, 894.34125pt
 x 743.77875pt>
File: Flug_Air_Berlin/Bildschirmfoto_am_2012-06-13_14_47_20.png Graphic file (t
ype png)

<use Flug_Air_Berlin/Bildschirmfoto_am_2012-06-13_14_47_20.png>
Package pdftex.def Info: Flug_Air_Berlin/Bildschirmfoto_am_2012-06-13_14_47_20.
png used on input line 203.
(pdftex.def)             Requested size: 402.44984pt x 334.69734pt.

<Flug_Air_Berlin/Bildschirmfoto_am_2012-06-13_14_47_22.png, id=267, 957.5775pt 
x 758.835pt>
File: Flug_Air_Berlin/Bildschirmfoto_am_2012-06-13_14_47_22.png Graphic file (t
ype png)
 <use Flug_Air_Berlin/Bildschirmfoto_am_2012-06-13_14_47_22.png>
Package pdftex.def Info: Flug_Air_Berlin/Bildschirmfoto_am_2012-06-13_14_47_22.
png used on input line 205.
(pdftex.def)             Requested size: 430.9059pt x 341.4726pt.

<Flug_Air_Berlin/Bildschirmfoto_am_2012-06-13_14_47_26.png, id=268, 894.34125pt
 x 728.7225pt>
File: Flug_Air_Berlin/Bildschirmfoto_am_2012-06-13_14_47_26.png Graphic file (t
ype png)
 <use Flug_Air_Berlin/Bildschirmfoto_am_2012-06-13_14_47_26.png>
Package pdftex.def Info: Flug_Air_Berlin/Bildschirmfoto_am_2012-06-13_14_47_26.
png used on input line 207.
(pdftex.def)             Requested size: 402.44984pt x 327.92209pt.


Package Fancyhdr Warning: \headheight is too small (12.0pt): 
 Make it at least 13.59999pt.
 We now make it that large for the rest of the document.
 This may cause the page layout to be inconsistent, however.

[20 <C:/Users/Merlin/Documents/GitHub/namiwindsemesterbla/Flug_Air_Berlin/Bilds
chirmfoto_am_2012-06-13_14_47_20.png> <C:/Users/Merlin/Documents/GitHub/namiwin
dsemesterbla/Flug_Air_Berlin/Bildschirmfoto_am_2012-06-13_14_47_22.png>]
<Flug_Air_Berlin/Bildschirmfoto_am_2012-06-13_14_47_43.png, id=272, 954.56625pt
 x 728.7225pt>
File: Flug_Air_Berlin/Bildschirmfoto_am_2012-06-13_14_47_43.png Graphic file (t
ype png)
 <use Flug_Air_Berlin/Bildschirmfoto_am_2012-06-13_14_47_43.png>
Package pdftex.def Info: Flug_Air_Berlin/Bildschirmfoto_am_2012-06-13_14_47_43.
png used on input line 209.
(pdftex.def)             Requested size: 429.55084pt x 327.92209pt.


Package Fancyhdr Warning: \headheight is too small (12.0pt): 
 Make it at least 13.59999pt.
 We now make it that large for the rest of the document.
 This may cause the page layout to be inconsistent, however.

[21 <C:/Users/Merlin/Documents/GitHub/namiwindsemesterbla/Flug_Air_Berlin/Bilds
chirmfoto_am_2012-06-13_14_47_26.png> <C:/Users/Merlin/Documents/GitHub/namiwin
dsemesterbla/Flug_Air_Berlin/Bildschirmfoto_am_2012-06-13_14_47_43.png>]
(C:\Users\Merlin\Documents\GitHub\namiwindsemesterbla\berichtv1.aux) ) 
Here is how much of TeX's memory you used:
 5924 strings out of 494045
 79487 string characters out of 3148384
 170631 words of memory out of 3000000
 9076 multiletter control sequences out of 15000+200000
 16775 words of font info for 47 fonts, out of 3000000 for 9000
 715 hyphenation exceptions out of 8191
 40i,19n,46p,798b,445s stack positions out of 5000i,500n,10000p,200000b,50000s
 <C:\User
s\Merlin\AppData\Local\MiKTeX\2.9\fonts\pk\ljfour\jknappen\ec\dpi600\ecbx1200.p
k> <C:\Users\Merlin\AppData\Local\MiKTeX\2.9\fonts\pk\ljfour\jknappen\ec\dpi600
\ecbx1000.pk> <C:\Users\Merlin\AppData\Local\MiKTeX\2.9\fonts\pk\ljfour\jknappe
n\ec\dpi600\ecbx1095.pk> <C:\Users\Merlin\AppData\Local\MiKTeX\2.9\fonts\pk\ljf
our\jknappen\ec\dpi600\ecbx1440.pk> <C:\Users\Merlin\AppData\Local\MiKTeX\2.9\f
onts\pk\ljfour\jknappen\ec\dpi600\ecrm1000.pk> <C:\Users\Merlin\AppData\Local\M
iKTeX\2.9\fonts\pk\ljfour\jknappen\ec\dpi600\ecrm1095.pk> <C:\Users\Merlin\AppD
ata\Local\MiKTeX\2.9\fonts\pk\ljfour\jknappen\ec\dpi600\ecrm1200.pk> <C:\Users\
Merlin\AppData\Local\MiKTeX\2.9\fonts\pk\ljfour\jknappen\ec\dpi600\ecrm1728.pk>
<C:/Program Files/MiKTeX 2.9/fonts/type1/public/amsfonts/cm/cmsy10.pfb>
Output written on berichtv1.pdf (21 pages, 3601113 bytes).
PDF statistics:
 574 PDF objects out of 1000 (max. 8388607)
 0 named destinations out of 1000 (max. 500000)
 156 words of extra memory for PDF output out of 10000 (max. 10000000)

